This file contains any messages produced by compilers while
running configure, to aid debugging if configure makes a mistake.

It was created by synapse configure 0.2.99.1, which was
generated by GNU Autoconf 2.69.  Invocation command line was

  $ ./configure --prefix=/home/mdeheij/projects/src/github.com/mdeheij/synapse/synapse-project/dumptest/

## --------- ##
## Platform. ##
## --------- ##

hostname = xps.local.mdeheij.nl
uname -m = x86_64
uname -r = 4.2.0-25-generic
uname -s = Linux
uname -v = #30-Ubuntu SMP Mon Jan 18 12:31:50 UTC 2016

/usr/bin/uname -p = unknown
/bin/uname -X     = unknown

/bin/arch              = unknown
/usr/bin/arch -k       = unknown
/usr/convex/getsysinfo = unknown
/usr/bin/hostinfo      = unknown
/bin/machine           = unknown
/usr/bin/oslevel       = unknown
/bin/universe          = unknown

PATH: /usr/local/sbin
PATH: /usr/local/bin
PATH: /usr/sbin
PATH: /usr/bin
PATH: /sbin
PATH: /bin
PATH: /usr/games
PATH: /usr/local/games


## ----------- ##
## Core tests. ##
## ----------- ##

configure:2335: checking for a BSD-compatible install
configure:2403: result: /usr/bin/install -c
configure:2414: checking whether build environment is sane
configure:2469: result: yes
configure:2620: checking for a thread-safe mkdir -p
configure:2659: result: /bin/mkdir -p
configure:2666: checking for gawk
configure:2682: found /usr/bin/gawk
configure:2693: result: gawk
configure:2704: checking whether make sets $(MAKE)
configure:2726: result: yes
configure:2755: checking whether make supports nested variables
configure:2772: result: yes
configure:2861: checking whether UID '0' is supported by ustar format
configure:2864: result: yes
configure:2871: checking whether GID '0' is supported by ustar format
configure:2874: result: yes
configure:2882: checking how to create a ustar tar archive
configure:2893: tar --version
tar (GNU tar) 1.27.1
Copyright (C) 2013 Free Software Foundation, Inc.
License GPLv3+: GNU GPL version 3 or later <http://gnu.org/licenses/gpl.html>.
This is free software: you are free to change and redistribute it.
There is NO WARRANTY, to the extent permitted by law.

Written by John Gilmore and Jay Fenlason.
configure:2896: $? = 0
configure:2936: tardir=conftest.dir && eval tar --format=ustar -chf - "$tardir" >conftest.tar
configure:2939: $? = 0
configure:2943: tar -xf - <conftest.tar
configure:2946: $? = 0
configure:2948: cat conftest.dir/file
GrepMe
configure:2951: $? = 0
configure:2964: result: gnutar
configure:3016: checking whether to enable maintainer-specific portions of Makefiles
configure:3025: result: yes
configure:3048: checking whether NLS is requested
configure:3057: result: yes
configure:3075: checking for intltool >= 0.35.0
configure:3077: result: 0.51.0 found
configure:3085: checking for intltool-update
configure:3103: found /usr/bin/intltool-update
configure:3115: result: /usr/bin/intltool-update
configure:3125: checking for intltool-merge
configure:3143: found /usr/bin/intltool-merge
configure:3155: result: /usr/bin/intltool-merge
configure:3165: checking for intltool-extract
configure:3183: found /usr/bin/intltool-extract
configure:3195: result: /usr/bin/intltool-extract
configure:3349: checking for xgettext
configure:3367: found /usr/bin/xgettext
configure:3379: result: /usr/bin/xgettext
configure:3389: checking for msgmerge
configure:3407: found /usr/bin/msgmerge
configure:3419: result: /usr/bin/msgmerge
configure:3429: checking for msgfmt
configure:3447: found /usr/bin/msgfmt
configure:3459: result: /usr/bin/msgfmt
configure:3469: checking for gmsgfmt
configure:3500: result: /usr/bin/msgfmt
configure:3520: checking for perl
configure:3538: found /usr/bin/perl
configure:3550: result: /usr/bin/perl
configure:3561: checking for perl >= 5.8.1
configure:3568: result: 5.20.2
configure:3572: checking for XML::Parser
configure:3575: result: ok
configure:3643: checking for pkg-config
configure:3661: found /usr/bin/pkg-config
configure:3673: result: /usr/bin/pkg-config
configure:3698: checking pkg-config is at least version 0.21
configure:3701: result: yes
configure:3759: checking for gcc
configure:3775: found /usr/bin/gcc
configure:3786: result: gcc
configure:4015: checking for C compiler version
configure:4024: gcc --version >&5
gcc (Ubuntu 5.2.1-22ubuntu2) 5.2.1 20151010
Copyright (C) 2015 Free Software Foundation, Inc.
This is free software; see the source for copying conditions.  There is NO
warranty; not even for MERCHANTABILITY or FITNESS FOR A PARTICULAR PURPOSE.

configure:4035: $? = 0
configure:4024: gcc -v >&5
Using built-in specs.
COLLECT_GCC=gcc
COLLECT_LTO_WRAPPER=/usr/lib/gcc/x86_64-linux-gnu/5/lto-wrapper
Target: x86_64-linux-gnu
Configured with: ../src/configure -v --with-pkgversion='Ubuntu 5.2.1-22ubuntu2' --with-bugurl=file:///usr/share/doc/gcc-5/README.Bugs --enable-languages=c,ada,c++,java,go,d,fortran,objc,obj-c++ --prefix=/usr --program-suffix=-5 --enable-shared --enable-linker-build-id --libexecdir=/usr/lib --without-included-gettext --enable-threads=posix --libdir=/usr/lib --enable-nls --with-sysroot=/ --enable-clocale=gnu --enable-libstdcxx-debug --enable-libstdcxx-time=yes --with-default-libstdcxx-abi=new --enable-gnu-unique-object --disable-vtable-verify --enable-libmpx --enable-plugin --with-system-zlib --disable-browser-plugin --enable-java-awt=gtk --enable-gtk-cairo --with-java-home=/usr/lib/jvm/java-1.5.0-gcj-5-amd64/jre --enable-java-home --with-jvm-root-dir=/usr/lib/jvm/java-1.5.0-gcj-5-amd64 --with-jvm-jar-dir=/usr/lib/jvm-exports/java-1.5.0-gcj-5-amd64 --with-arch-directory=amd64 --with-ecj-jar=/usr/share/java/eclipse-ecj.jar --enable-objc-gc --enable-multiarch --disable-werror --with-arch-32=i686 --with-abi=m64 --with-multilib-list=m32,m64,mx32 --enable-multilib --with-tune=generic --enable-checking=release --build=x86_64-linux-gnu --host=x86_64-linux-gnu --target=x86_64-linux-gnu
Thread model: posix
gcc version 5.2.1 20151010 (Ubuntu 5.2.1-22ubuntu2) 
configure:4035: $? = 0
configure:4024: gcc -V >&5
gcc: error: unrecognized command line option '-V'
gcc: fatal error: no input files
compilation terminated.
configure:4035: $? = 1
configure:4024: gcc -qversion >&5
gcc: error: unrecognized command line option '-qversion'
gcc: fatal error: no input files
compilation terminated.
configure:4035: $? = 1
configure:4055: checking whether the C compiler works
configure:4077: gcc    conftest.c  >&5
configure:4081: $? = 0
configure:4129: result: yes
configure:4132: checking for C compiler default output file name
configure:4134: result: a.out
configure:4140: checking for suffix of executables
configure:4147: gcc -o conftest    conftest.c  >&5
configure:4151: $? = 0
configure:4173: result: 
configure:4195: checking whether we are cross compiling
configure:4203: gcc -o conftest    conftest.c  >&5
configure:4207: $? = 0
configure:4214: ./conftest
configure:4218: $? = 0
configure:4233: result: no
configure:4238: checking for suffix of object files
configure:4260: gcc -c   conftest.c >&5
configure:4264: $? = 0
configure:4285: result: o
configure:4289: checking whether we are using the GNU C compiler
configure:4308: gcc -c   conftest.c >&5
configure:4308: $? = 0
configure:4317: result: yes
configure:4326: checking whether gcc accepts -g
configure:4346: gcc -c -g  conftest.c >&5
configure:4346: $? = 0
configure:4387: result: yes
configure:4404: checking for gcc option to accept ISO C89
configure:4467: gcc  -c -g -O2  conftest.c >&5
configure:4467: $? = 0
configure:4480: result: none needed
configure:4505: checking whether gcc understands -c and -o together
configure:4527: gcc -c conftest.c -o conftest2.o
configure:4530: $? = 0
configure:4527: gcc -c conftest.c -o conftest2.o
configure:4530: $? = 0
configure:4542: result: yes
configure:4570: checking for style of include used by make
configure:4598: result: GNU
configure:4624: checking dependency style of gcc
configure:4735: result: gcc3
configure:4782: checking build system type
configure:4796: result: x86_64-unknown-linux-gnu
configure:4816: checking host system type
configure:4829: result: x86_64-unknown-linux-gnu
configure:4870: checking how to print strings
configure:4897: result: printf
configure:4918: checking for a sed that does not truncate output
configure:4982: result: /bin/sed
configure:5000: checking for grep that handles long lines and -e
configure:5058: result: /bin/grep
configure:5063: checking for egrep
configure:5125: result: /bin/grep -E
configure:5130: checking for fgrep
configure:5192: result: /bin/grep -F
configure:5227: checking for ld used by gcc
configure:5294: result: /usr/bin/ld
configure:5301: checking if the linker (/usr/bin/ld) is GNU ld
configure:5316: result: yes
configure:5328: checking for BSD- or MS-compatible name lister (nm)
configure:5377: result: /usr/bin/nm -B
configure:5507: checking the name lister (/usr/bin/nm -B) interface
configure:5514: gcc -c -g -O2  conftest.c >&5
configure:5517: /usr/bin/nm -B "conftest.o"
configure:5520: output
0000000000000000 B some_variable
configure:5527: result: BSD nm
configure:5530: checking whether ln -s works
configure:5534: result: yes
configure:5542: checking the maximum length of command line arguments
configure:5673: result: 1572864
configure:5690: checking whether the shell understands some XSI constructs
configure:5700: result: yes
configure:5704: checking whether the shell understands "+="
configure:5710: result: yes
configure:5745: checking how to convert x86_64-unknown-linux-gnu file names to x86_64-unknown-linux-gnu format
configure:5785: result: func_convert_file_noop
configure:5792: checking how to convert x86_64-unknown-linux-gnu file names to toolchain format
configure:5812: result: func_convert_file_noop
configure:5819: checking for /usr/bin/ld option to reload object files
configure:5826: result: -r
configure:5900: checking for objdump
configure:5916: found /usr/bin/objdump
configure:5927: result: objdump
configure:5959: checking how to recognize dependent libraries
configure:6157: result: pass_all
configure:6242: checking for dlltool
configure:6272: result: no
configure:6302: checking how to associate runtime and link libraries
configure:6329: result: printf %s\n
configure:6390: checking for ar
configure:6406: found /usr/bin/ar
configure:6417: result: ar
configure:6454: checking for archiver @FILE support
configure:6471: gcc -c -g -O2  conftest.c >&5
configure:6471: $? = 0
configure:6474: ar cru libconftest.a @conftest.lst >&5
ar: `u' modifier ignored since `D' is the default (see `U')
configure:6477: $? = 0
configure:6482: ar cru libconftest.a @conftest.lst >&5
ar: `u' modifier ignored since `D' is the default (see `U')
ar: conftest.o: No such file or directory
configure:6485: $? = 1
configure:6497: result: @
configure:6555: checking for strip
configure:6571: found /usr/bin/strip
configure:6582: result: strip
configure:6654: checking for ranlib
configure:6670: found /usr/bin/ranlib
configure:6681: result: ranlib
configure:6783: checking command to parse /usr/bin/nm -B output from gcc object
configure:6903: gcc -c -g -O2  conftest.c >&5
configure:6906: $? = 0
configure:6910: /usr/bin/nm -B conftest.o \| sed -n -e 's/^.*[ ]\([ABCDGIRSTW][ABCDGIRSTW]*\)[ ][ ]*\([_A-Za-z][_A-Za-z0-9]*\)$/\1 \2 \2/p' | sed '/ __gnu_lto/d' \> conftest.nm
configure:6913: $? = 0
configure:6979: gcc -o conftest -g -O2   conftest.c conftstm.o >&5
configure:6982: $? = 0
configure:7020: result: ok
configure:7057: checking for sysroot
configure:7087: result: no
configure:7164: gcc -c -g -O2  conftest.c >&5
configure:7167: $? = 0
configure:7356: checking for mt
configure:7372: found /bin/mt
configure:7383: result: mt
configure:7406: checking if mt is a manifest tool
configure:7412: mt '-?'
configure:7420: result: no
configure:8062: checking how to run the C preprocessor
configure:8093: gcc -E  conftest.c
configure:8093: $? = 0
configure:8107: gcc -E  conftest.c
conftest.c:13:28: fatal error: ac_nonexistent.h: No such file or directory
compilation terminated.
configure:8107: $? = 1
configure: failed program was:
| /* confdefs.h */
| #define PACKAGE_NAME "synapse"
| #define PACKAGE_TARNAME "synapse"
| #define PACKAGE_VERSION "0.2.99.1"
| #define PACKAGE_STRING "synapse 0.2.99.1"
| #define PACKAGE_BUGREPORT ""
| #define PACKAGE_URL ""
| #define RELEASE_NAME "Cholecystokinin"
| #define PACKAGE "synapse"
| #define VERSION "0.2.99.1"
| #define GETTEXT_PACKAGE "synapse"
| /* end confdefs.h.  */
| #include <ac_nonexistent.h>
configure:8132: result: gcc -E
configure:8152: gcc -E  conftest.c
configure:8152: $? = 0
configure:8166: gcc -E  conftest.c
conftest.c:13:28: fatal error: ac_nonexistent.h: No such file or directory
compilation terminated.
configure:8166: $? = 1
configure: failed program was:
| /* confdefs.h */
| #define PACKAGE_NAME "synapse"
| #define PACKAGE_TARNAME "synapse"
| #define PACKAGE_VERSION "0.2.99.1"
| #define PACKAGE_STRING "synapse 0.2.99.1"
| #define PACKAGE_BUGREPORT ""
| #define PACKAGE_URL ""
| #define RELEASE_NAME "Cholecystokinin"
| #define PACKAGE "synapse"
| #define VERSION "0.2.99.1"
| #define GETTEXT_PACKAGE "synapse"
| /* end confdefs.h.  */
| #include <ac_nonexistent.h>
configure:8195: checking for ANSI C header files
configure:8215: gcc -c -g -O2  conftest.c >&5
configure:8215: $? = 0
configure:8288: gcc -o conftest -g -O2   conftest.c  >&5
configure:8288: $? = 0
configure:8288: ./conftest
configure:8288: $? = 0
configure:8299: result: yes
configure:8312: checking for sys/types.h
configure:8312: gcc -c -g -O2  conftest.c >&5
configure:8312: $? = 0
configure:8312: result: yes
configure:8312: checking for sys/stat.h
configure:8312: gcc -c -g -O2  conftest.c >&5
configure:8312: $? = 0
configure:8312: result: yes
configure:8312: checking for stdlib.h
configure:8312: gcc -c -g -O2  conftest.c >&5
configure:8312: $? = 0
configure:8312: result: yes
configure:8312: checking for string.h
configure:8312: gcc -c -g -O2  conftest.c >&5
configure:8312: $? = 0
configure:8312: result: yes
configure:8312: checking for memory.h
configure:8312: gcc -c -g -O2  conftest.c >&5
configure:8312: $? = 0
configure:8312: result: yes
configure:8312: checking for strings.h
configure:8312: gcc -c -g -O2  conftest.c >&5
configure:8312: $? = 0
configure:8312: result: yes
configure:8312: checking for inttypes.h
configure:8312: gcc -c -g -O2  conftest.c >&5
configure:8312: $? = 0
configure:8312: result: yes
configure:8312: checking for stdint.h
configure:8312: gcc -c -g -O2  conftest.c >&5
configure:8312: $? = 0
configure:8312: result: yes
configure:8312: checking for unistd.h
configure:8312: gcc -c -g -O2  conftest.c >&5
configure:8312: $? = 0
configure:8312: result: yes
configure:8326: checking for dlfcn.h
configure:8326: gcc -c -g -O2  conftest.c >&5
configure:8326: $? = 0
configure:8326: result: yes
configure:8532: checking for objdir
configure:8547: result: .libs
configure:8818: checking if gcc supports -fno-rtti -fno-exceptions
configure:8836: gcc -c -g -O2  -fno-rtti -fno-exceptions conftest.c >&5
cc1: warning: command line option '-fno-rtti' is valid for C++/ObjC++ but not for C
configure:8840: $? = 0
configure:8853: result: no
configure:9180: checking for gcc option to produce PIC
configure:9187: result: -fPIC -DPIC
configure:9195: checking if gcc PIC flag -fPIC -DPIC works
configure:9213: gcc -c -g -O2  -fPIC -DPIC -DPIC conftest.c >&5
configure:9217: $? = 0
configure:9230: result: yes
configure:9259: checking if gcc static flag -static works
configure:9287: result: yes
configure:9302: checking if gcc supports -c -o file.o
configure:9323: gcc -c -g -O2  -o out/conftest2.o conftest.c >&5
configure:9327: $? = 0
configure:9349: result: yes
configure:9357: checking if gcc supports -c -o file.o
configure:9404: result: yes
configure:9437: checking whether the gcc linker (/usr/bin/ld -m elf_x86_64) supports shared libraries
configure:10594: result: yes
configure:10631: checking whether -lc should be explicitly linked in
configure:10639: gcc -c -g -O2  conftest.c >&5
configure:10642: $? = 0
configure:10657: gcc -shared  -fPIC -DPIC conftest.o  -v -Wl,-soname -Wl,conftest -o conftest 2\>\&1 \| /bin/grep  -lc  \>/dev/null 2\>\&1
configure:10660: $? = 0
configure:10674: result: no
configure:10834: checking dynamic linker characteristics
configure:11334: gcc -o conftest -g -O2   -Wl,-rpath -Wl,/foo conftest.c  >&5
configure:11334: $? = 0
configure:11568: result: GNU/Linux ld.so
configure:11675: checking how to hardcode library paths into programs
configure:11700: result: immediate
configure:12240: checking whether stripping libraries is possible
configure:12245: result: yes
configure:12280: checking if libtool supports shared libraries
configure:12282: result: yes
configure:12285: checking whether to build shared libraries
configure:12306: result: yes
configure:12309: checking whether to build static libraries
configure:12313: result: yes
configure:12439: checking for cos in -lm
configure:12464: gcc -o conftest -g -O2   conftest.c -lm   >&5
conftest.c:32:6: warning: conflicting types for built-in function 'cos'
 char cos ();
      ^
configure:12464: $? = 0
configure:12473: result: yes
configure:12486: checking for valac
configure:12504: found /usr/bin/valac
configure:12517: result: /usr/bin/valac
configure:12526: checking whether /usr/bin/valac is at least version 0.24.0
configure:12534: result: yes
configure:12570: checking whether make supports nested variables
configure:12587: result: yes
configure:12607: checking for SYNAPSE_MODULES
configure:12626: $PKG_CONFIG --exists --print-errors "\
  glib-2.0 >= $MIN_GLIB_VERSION \
  gdk-x11-3.0 >= $MIN_GTK_VERSION \
  gtk+-3.0 >= $MIN_GTK_VERSION \
  gio-2.0 >= $MIN_GLIB_VERSION \
  gio-unix-2.0 \
  gobject-2.0 \
  gthread-2.0 \
  gee-0.8 >= $MIN_GEE_VERSION \
  json-glib-1.0 >= $MIN_JSON_VERSION \
  keybinder-3.0 \
  libnotify
  "
configure:12641: $? = 0
configure:12679: $PKG_CONFIG --exists --print-errors "\
  glib-2.0 >= $MIN_GLIB_VERSION \
  gdk-x11-3.0 >= $MIN_GTK_VERSION \
  gtk+-3.0 >= $MIN_GTK_VERSION \
  gio-2.0 >= $MIN_GLIB_VERSION \
  gio-unix-2.0 \
  gobject-2.0 \
  gthread-2.0 \
  gee-0.8 >= $MIN_GEE_VERSION \
  json-glib-1.0 >= $MIN_JSON_VERSION \
  keybinder-3.0 \
  libnotify
  "
configure:12694: $? = 0
configure:12800: result: yes
configure:12844: $PKG_CONFIG --exists --print-errors "zeitgeist-2.0 >= $MIN_ZEITGEIST_VERSION"
configure:12847: $? = 0
configure:12855: checking for ZEITGEIST
configure:12862: $PKG_CONFIG --exists --print-errors "zeitgeist-2.0 >= $MIN_ZEITGEIST_VERSION"
configure:12865: $? = 0
configure:12879: $PKG_CONFIG --exists --print-errors "zeitgeist-2.0 >= $MIN_ZEITGEIST_VERSION"
configure:12882: $? = 0
configure:12940: result: yes
configure:12961: $PKG_CONFIG --exists --print-errors "appindicator3-0.1"
Package appindicator3-0.1 was not found in the pkg-config search path.
Perhaps you should add the directory containing `appindicator3-0.1.pc'
to the PKG_CONFIG_PATH environment variable
No package 'appindicator3-0.1' found
configure:12964: $? = 1
configure:13091: $PKG_CONFIG --exists --print-errors "rest-0.7"
Package rest-0.7 was not found in the pkg-config search path.
Perhaps you should add the directory containing `rest-0.7.pc'
to the PKG_CONFIG_PATH environment variable
No package 'rest-0.7' found
configure:13094: $? = 1
configure:13331: checking that generated files are newer than configure
configure:13337: result: done
configure:13380: creating ./config.status

## ---------------------- ##
## Running config.status. ##
## ---------------------- ##

This file was extended by synapse config.status 0.2.99.1, which was
generated by GNU Autoconf 2.69.  Invocation command line was

  CONFIG_FILES    = 
  CONFIG_HEADERS  = 
  CONFIG_LINKS    = 
  CONFIG_COMMANDS = 
  $ ./config.status 

on xps.local.mdeheij.nl

config.status:1179: creating Makefile
config.status:1179: creating data/Makefile
config.status:1179: creating src/Makefile
config.status:1179: creating src/core/Makefile
config.status:1179: creating src/plugins/Makefile
config.status:1179: creating src/ui/Makefile
config.status:1179: creating po/Makefile.in
config.status:1179: creating vapi/Makefile
config.status:1179: creating config.h
config.status:1360: config.h is unchanged
config.status:1408: executing depfiles commands
config.status:1408: executing libtool commands
config.status:1408: executing po/stamp-it commands

## ---------------- ##
## Cache variables. ##
## ---------------- ##

ac_cv_build=x86_64-unknown-linux-gnu
ac_cv_c_compiler_gnu=yes
ac_cv_env_APP_INDICATOR_CFLAGS_set=
ac_cv_env_APP_INDICATOR_CFLAGS_value=
ac_cv_env_APP_INDICATOR_LIBS_set=
ac_cv_env_APP_INDICATOR_LIBS_value=
ac_cv_env_CC_set=
ac_cv_env_CC_value=
ac_cv_env_CFLAGS_set=
ac_cv_env_CFLAGS_value=
ac_cv_env_CPPFLAGS_set=
ac_cv_env_CPPFLAGS_value=
ac_cv_env_CPP_set=
ac_cv_env_CPP_value=
ac_cv_env_LDFLAGS_set=
ac_cv_env_LDFLAGS_value=
ac_cv_env_LIBS_set=
ac_cv_env_LIBS_value=
ac_cv_env_PKG_CONFIG_LIBDIR_set=
ac_cv_env_PKG_CONFIG_LIBDIR_value=
ac_cv_env_PKG_CONFIG_PATH_set=
ac_cv_env_PKG_CONFIG_PATH_value=
ac_cv_env_PKG_CONFIG_set=
ac_cv_env_PKG_CONFIG_value=
ac_cv_env_REST_CFLAGS_set=
ac_cv_env_REST_CFLAGS_value=
ac_cv_env_REST_LIBS_set=
ac_cv_env_REST_LIBS_value=
ac_cv_env_SYNAPSE_MODULES_CFLAGS_set=
ac_cv_env_SYNAPSE_MODULES_CFLAGS_value=
ac_cv_env_SYNAPSE_MODULES_LIBS_set=
ac_cv_env_SYNAPSE_MODULES_LIBS_value=
ac_cv_env_ZEITGEIST_CFLAGS_set=
ac_cv_env_ZEITGEIST_CFLAGS_value=
ac_cv_env_ZEITGEIST_LIBS_set=
ac_cv_env_ZEITGEIST_LIBS_value=
ac_cv_env_build_alias_set=
ac_cv_env_build_alias_value=
ac_cv_env_host_alias_set=
ac_cv_env_host_alias_value=
ac_cv_env_target_alias_set=
ac_cv_env_target_alias_value=
ac_cv_header_dlfcn_h=yes
ac_cv_header_inttypes_h=yes
ac_cv_header_memory_h=yes
ac_cv_header_stdc=yes
ac_cv_header_stdint_h=yes
ac_cv_header_stdlib_h=yes
ac_cv_header_string_h=yes
ac_cv_header_strings_h=yes
ac_cv_header_sys_stat_h=yes
ac_cv_header_sys_types_h=yes
ac_cv_header_unistd_h=yes
ac_cv_host=x86_64-unknown-linux-gnu
ac_cv_lib_m_cos=yes
ac_cv_objext=o
ac_cv_path_EGREP='/bin/grep -E'
ac_cv_path_FGREP='/bin/grep -F'
ac_cv_path_GMSGFMT=/usr/bin/msgfmt
ac_cv_path_GREP=/bin/grep
ac_cv_path_INTLTOOL_EXTRACT=/usr/bin/intltool-extract
ac_cv_path_INTLTOOL_MERGE=/usr/bin/intltool-merge
ac_cv_path_INTLTOOL_PERL=/usr/bin/perl
ac_cv_path_INTLTOOL_UPDATE=/usr/bin/intltool-update
ac_cv_path_MSGFMT=/usr/bin/msgfmt
ac_cv_path_MSGMERGE=/usr/bin/msgmerge
ac_cv_path_SED=/bin/sed
ac_cv_path_VALAC=/usr/bin/valac
ac_cv_path_XGETTEXT=/usr/bin/xgettext
ac_cv_path_ac_pt_PKG_CONFIG=/usr/bin/pkg-config
ac_cv_path_install='/usr/bin/install -c'
ac_cv_path_mkdir=/bin/mkdir
ac_cv_prog_AWK=gawk
ac_cv_prog_CPP='gcc -E'
ac_cv_prog_ac_ct_AR=ar
ac_cv_prog_ac_ct_CC=gcc
ac_cv_prog_ac_ct_MANIFEST_TOOL=mt
ac_cv_prog_ac_ct_OBJDUMP=objdump
ac_cv_prog_ac_ct_RANLIB=ranlib
ac_cv_prog_ac_ct_STRIP=strip
ac_cv_prog_cc_c89=
ac_cv_prog_cc_g=yes
ac_cv_prog_make_make_set=yes
am_cv_CC_dependencies_compiler_type=gcc3
am_cv_make_support_nested_variables=yes
am_cv_prog_cc_c_o=yes
am_cv_prog_tar_ustar=gnutar
lt_cv_ar_at_file=@
lt_cv_archive_cmds_need_lc=no
lt_cv_deplibs_check_method=pass_all
lt_cv_file_magic_cmd='$MAGIC_CMD'
lt_cv_file_magic_test_file=
lt_cv_ld_reload_flag=-r
lt_cv_nm_interface='BSD nm'
lt_cv_objdir=.libs
lt_cv_path_LD=/usr/bin/ld
lt_cv_path_NM='/usr/bin/nm -B'
lt_cv_path_mainfest_tool=no
lt_cv_prog_compiler_c_o=yes
lt_cv_prog_compiler_pic='-fPIC -DPIC'
lt_cv_prog_compiler_pic_works=yes
lt_cv_prog_compiler_rtti_exceptions=no
lt_cv_prog_compiler_static_works=yes
lt_cv_prog_gnu_ld=yes
lt_cv_sharedlib_from_linklib_cmd='printf %s\n'
lt_cv_shlibpath_overrides_runpath=no
lt_cv_sys_global_symbol_pipe='sed -n -e '\''s/^.*[	 ]\([ABCDGIRSTW][ABCDGIRSTW]*\)[	 ][	 ]*\([_A-Za-z][_A-Za-z0-9]*\)$/\1 \2 \2/p'\'' | sed '\''/ __gnu_lto/d'\'''
lt_cv_sys_global_symbol_to_c_name_address='sed -n -e '\''s/^: \([^ ]*\)[ ]*$/  {\"\1\", (void *) 0},/p'\'' -e '\''s/^[ABCDGIRSTW]* \([^ ]*\) \([^ ]*\)$/  {"\2", (void *) \&\2},/p'\'''
lt_cv_sys_global_symbol_to_c_name_address_lib_prefix='sed -n -e '\''s/^: \([^ ]*\)[ ]*$/  {\"\1\", (void *) 0},/p'\'' -e '\''s/^[ABCDGIRSTW]* \([^ ]*\) \(lib[^ ]*\)$/  {"\2", (void *) \&\2},/p'\'' -e '\''s/^[ABCDGIRSTW]* \([^ ]*\) \([^ ]*\)$/  {"lib\2", (void *) \&\2},/p'\'''
lt_cv_sys_global_symbol_to_cdecl='sed -n -e '\''s/^T .* \(.*\)$/extern int \1();/p'\'' -e '\''s/^[ABCDGIRSTW]* .* \(.*\)$/extern char \1;/p'\'''
lt_cv_sys_max_cmd_len=1572864
lt_cv_to_host_file_cmd=func_convert_file_noop
lt_cv_to_tool_file_cmd=func_convert_file_noop
pkg_cv_SYNAPSE_MODULES_CFLAGS='-pthread -I/usr/include/gtk-3.0 -I/usr/include/gee-0.8 -I/usr/include/json-glib-1.0 -I/usr/include/keybinder-3.0 -I/usr/include/gtk-3.0 -I/usr/include/at-spi2-atk/2.0 -I/usr/include/at-spi-2.0 -I/usr/include/dbus-1.0 -I/usr/lib/x86_64-linux-gnu/dbus-1.0/include -I/usr/include/gtk-3.0 -I/usr/include/gio-unix-2.0/ -I/usr/include/mirclient -I/usr/include/mircommon -I/usr/include/cairo -I/usr/include/pango-1.0 -I/usr/include/harfbuzz -I/usr/include/pango-1.0 -I/usr/include/atk-1.0 -I/usr/include/cairo -I/usr/include/pixman-1 -I/usr/include/freetype2 -I/usr/include/libpng12 -I/usr/include/gdk-pixbuf-2.0 -I/usr/include/libpng12 -I/usr/include/glib-2.0 -I/usr/lib/x86_64-linux-gnu/glib-2.0/include '
pkg_cv_SYNAPSE_MODULES_LIBS='-lgdk-3 -lgio-2.0 -lgthread-2.0 -pthread -lgee-0.8 -ljson-glib-1.0 -lkeybinder-3.0 -lgtk-3 -lgdk-3 -lpangocairo-1.0 -lpango-1.0 -latk-1.0 -lcairo-gobject -lcairo -lnotify -lgdk_pixbuf-2.0 -lgio-2.0 -lgobject-2.0 -lglib-2.0 '
pkg_cv_ZEITGEIST_CFLAGS='-pthread -I/usr/include/zeitgeist-2.0 -I/usr/include/glib-2.0 -I/usr/lib/x86_64-linux-gnu/glib-2.0/include '
pkg_cv_ZEITGEIST_LIBS='-lzeitgeist-2.0 -lgio-2.0 -lgobject-2.0 -lglib-2.0 '

## ----------------- ##
## Output variables. ##
## ----------------- ##

ACLOCAL='${SHELL} /home/mdeheij/projects/src/github.com/mdeheij/synapse/synapse-project/build-aux/missing aclocal-1.15'
ALL_LINGUAS=''
AMDEPBACKSLASH='\'
AMDEP_FALSE='#'
AMDEP_TRUE=''
AMTAR='$${TAR-tar}'
AM_BACKSLASH='\'
AM_DEFAULT_V='$(AM_DEFAULT_VERBOSITY)'
AM_DEFAULT_VERBOSITY='0'
AM_V='$(V)'
APP_INDICATOR_CFLAGS=''
APP_INDICATOR_LIBS=''
APP_INDICATOR_VALAFLAGS=''
AR='ar'
AUTOCONF='${SHELL} /home/mdeheij/projects/src/github.com/mdeheij/synapse/synapse-project/build-aux/missing autoconf'
AUTOHEADER='${SHELL} /home/mdeheij/projects/src/github.com/mdeheij/synapse/synapse-project/build-aux/missing autoheader'
AUTOMAKE='${SHELL} /home/mdeheij/projects/src/github.com/mdeheij/synapse/synapse-project/build-aux/missing automake-1.15'
AWK='gawk'
CC='gcc'
CCDEPMODE='depmode=gcc3'
CFLAGS='-g -O2'
CPP='gcc -E'
CPPFLAGS=''
CYGPATH_W='echo'
DEFS='-DHAVE_CONFIG_H'
DEPDIR='.deps'
DLLTOOL='false'
DSYMUTIL=''
DUMPBIN=''
ECHO_C=''
ECHO_N='-n'
ECHO_T=''
EGREP='/bin/grep -E'
EXEEXT=''
FGREP='/bin/grep -F'
GETTEXT_PACKAGE='synapse'
GMSGFMT='/usr/bin/msgfmt'
GREP='/bin/grep'
HAVE_INDICATOR_FALSE=''
HAVE_INDICATOR_TRUE='#'
HAVE_LIBREST_FALSE=''
HAVE_LIBREST_TRUE='#'
HAVE_ZEITGEIST_FALSE='#'
HAVE_ZEITGEIST_TRUE=''
INSTALL_DATA='${INSTALL} -m 644'
INSTALL_PROGRAM='${INSTALL}'
INSTALL_SCRIPT='${INSTALL}'
INSTALL_STRIP_PROGRAM='$(install_sh) -c -s'
INTLTOOL_CAVES_RULE='%.caves:     %.caves.in     $(INTLTOOL_MERGE) $(wildcard $(top_srcdir)/po/*.po) ; $(INTLTOOL_V_MERGE)LC_ALL=C $(INTLTOOL_MERGE) $(INTLTOOL_V_MERGE_OPTIONS) -d -u -c $(top_builddir)/po/.intltool-merge-cache $(top_srcdir)/po $< $@'
INTLTOOL_DESKTOP_RULE='%.desktop:   %.desktop.in   $(INTLTOOL_MERGE) $(wildcard $(top_srcdir)/po/*.po) ; $(INTLTOOL_V_MERGE)LC_ALL=C $(INTLTOOL_MERGE) $(INTLTOOL_V_MERGE_OPTIONS) -d -u -c $(top_builddir)/po/.intltool-merge-cache $(top_srcdir)/po $< $@'
INTLTOOL_DIRECTORY_RULE='%.directory: %.directory.in $(INTLTOOL_MERGE) $(wildcard $(top_srcdir)/po/*.po) ; $(INTLTOOL_V_MERGE)LC_ALL=C $(INTLTOOL_MERGE) $(INTLTOOL_V_MERGE_OPTIONS) -d -u -c $(top_builddir)/po/.intltool-merge-cache $(top_srcdir)/po $< $@'
INTLTOOL_EXTRACT='/usr/bin/intltool-extract'
INTLTOOL_KBD_RULE='%.kbd:       %.kbd.in       $(INTLTOOL_MERGE) $(wildcard $(top_srcdir)/po/*.po) ; $(INTLTOOL_V_MERGE)LC_ALL=C $(INTLTOOL_MERGE) $(INTLTOOL_V_MERGE_OPTIONS) -x -u -m -c $(top_builddir)/po/.intltool-merge-cache $(top_srcdir)/po $< $@'
INTLTOOL_KEYS_RULE='%.keys:      %.keys.in      $(INTLTOOL_MERGE) $(wildcard $(top_srcdir)/po/*.po) ; $(INTLTOOL_V_MERGE)LC_ALL=C $(INTLTOOL_MERGE) $(INTLTOOL_V_MERGE_OPTIONS) -k -u -c $(top_builddir)/po/.intltool-merge-cache $(top_srcdir)/po $< $@'
INTLTOOL_MERGE='/usr/bin/intltool-merge'
INTLTOOL_OAF_RULE='%.oaf:       %.oaf.in       $(INTLTOOL_MERGE) $(wildcard $(top_srcdir)/po/*.po) ; $(INTLTOOL_V_MERGE)LC_ALL=C $(INTLTOOL_MERGE) $(INTLTOOL_V_MERGE_OPTIONS) -o -p $(top_srcdir)/po $< $@'
INTLTOOL_PERL='/usr/bin/perl'
INTLTOOL_POLICY_RULE='%.policy:    %.policy.in    $(INTLTOOL_MERGE) $(wildcard $(top_srcdir)/po/*.po) ; $(INTLTOOL_V_MERGE)LC_ALL=C $(INTLTOOL_MERGE) $(INTLTOOL_V_MERGE_OPTIONS) -x -u -c $(top_builddir)/po/.intltool-merge-cache $(top_srcdir)/po $< $@'
INTLTOOL_PONG_RULE='%.pong:      %.pong.in      $(INTLTOOL_MERGE) $(wildcard $(top_srcdir)/po/*.po) ; $(INTLTOOL_V_MERGE)LC_ALL=C $(INTLTOOL_MERGE) $(INTLTOOL_V_MERGE_OPTIONS) -x -u -c $(top_builddir)/po/.intltool-merge-cache $(top_srcdir)/po $< $@'
INTLTOOL_PROP_RULE='%.prop:      %.prop.in      $(INTLTOOL_MERGE) $(wildcard $(top_srcdir)/po/*.po) ; $(INTLTOOL_V_MERGE)LC_ALL=C $(INTLTOOL_MERGE) $(INTLTOOL_V_MERGE_OPTIONS) -d -u -c $(top_builddir)/po/.intltool-merge-cache $(top_srcdir)/po $< $@'
INTLTOOL_SCHEMAS_RULE='%.schemas:   %.schemas.in   $(INTLTOOL_MERGE) $(wildcard $(top_srcdir)/po/*.po) ; $(INTLTOOL_V_MERGE)LC_ALL=C $(INTLTOOL_MERGE) $(INTLTOOL_V_MERGE_OPTIONS) -s -u -c $(top_builddir)/po/.intltool-merge-cache $(top_srcdir)/po $< $@'
INTLTOOL_SERVER_RULE='%.server:    %.server.in    $(INTLTOOL_MERGE) $(wildcard $(top_srcdir)/po/*.po) ; $(INTLTOOL_V_MERGE)LC_ALL=C $(INTLTOOL_MERGE) $(INTLTOOL_V_MERGE_OPTIONS) -o -u -c $(top_builddir)/po/.intltool-merge-cache $(top_srcdir)/po $< $@'
INTLTOOL_SERVICE_RULE='%.service: %.service.in   $(INTLTOOL_MERGE) $(wildcard $(top_srcdir)/po/*.po) ; $(INTLTOOL_V_MERGE)LC_ALL=C $(INTLTOOL_MERGE) $(INTLTOOL_V_MERGE_OPTIONS) -d -u -c $(top_builddir)/po/.intltool-merge-cache $(top_srcdir)/po $< $@'
INTLTOOL_SHEET_RULE='%.sheet:     %.sheet.in     $(INTLTOOL_MERGE) $(wildcard $(top_srcdir)/po/*.po) ; $(INTLTOOL_V_MERGE)LC_ALL=C $(INTLTOOL_MERGE) $(INTLTOOL_V_MERGE_OPTIONS) -x -u -c $(top_builddir)/po/.intltool-merge-cache $(top_srcdir)/po $< $@'
INTLTOOL_SOUNDLIST_RULE='%.soundlist: %.soundlist.in $(INTLTOOL_MERGE) $(wildcard $(top_srcdir)/po/*.po) ; $(INTLTOOL_V_MERGE)LC_ALL=C $(INTLTOOL_MERGE) $(INTLTOOL_V_MERGE_OPTIONS) -d -u -c $(top_builddir)/po/.intltool-merge-cache $(top_srcdir)/po $< $@'
INTLTOOL_THEME_RULE='%.theme:     %.theme.in     $(INTLTOOL_MERGE) $(wildcard $(top_srcdir)/po/*.po) ; $(INTLTOOL_V_MERGE)LC_ALL=C $(INTLTOOL_MERGE) $(INTLTOOL_V_MERGE_OPTIONS) -d -u -c $(top_builddir)/po/.intltool-merge-cache $(top_srcdir)/po $< $@'
INTLTOOL_UI_RULE='%.ui:        %.ui.in        $(INTLTOOL_MERGE) $(wildcard $(top_srcdir)/po/*.po) ; $(INTLTOOL_V_MERGE)LC_ALL=C $(INTLTOOL_MERGE) $(INTLTOOL_V_MERGE_OPTIONS) -x -u -c $(top_builddir)/po/.intltool-merge-cache $(top_srcdir)/po $< $@'
INTLTOOL_UPDATE='/usr/bin/intltool-update'
INTLTOOL_V_MERGE='$(INTLTOOL__v_MERGE_$(V))'
INTLTOOL_V_MERGE_OPTIONS='$(intltool__v_merge_options_$(V))'
INTLTOOL_XAM_RULE='%.xam:       %.xml.in       $(INTLTOOL_MERGE) $(wildcard $(top_srcdir)/po/*.po) ; $(INTLTOOL_V_MERGE)LC_ALL=C $(INTLTOOL_MERGE) $(INTLTOOL_V_MERGE_OPTIONS) -x -u -c $(top_builddir)/po/.intltool-merge-cache $(top_srcdir)/po $< $@'
INTLTOOL_XML_NOMERGE_RULE='%.xml:       %.xml.in       $(INTLTOOL_MERGE) ; $(INTLTOOL_V_MERGE)LC_ALL=C $(INTLTOOL_MERGE) $(INTLTOOL_V_MERGE_OPTIONS) -x -u --no-translations $< $@'
INTLTOOL_XML_RULE='%.xml:       %.xml.in       $(INTLTOOL_MERGE) $(wildcard $(top_srcdir)/po/*.po) ; $(INTLTOOL_V_MERGE)LC_ALL=C $(INTLTOOL_MERGE) $(INTLTOOL_V_MERGE_OPTIONS) -x -u -c $(top_builddir)/po/.intltool-merge-cache $(top_srcdir)/po $< $@'
INTLTOOL__v_MERGE_0='@echo "  ITMRG " $@;'
INTLTOOL__v_MERGE_='$(INTLTOOL__v_MERGE_$(AM_DEFAULT_VERBOSITY))'
LD='/usr/bin/ld -m elf_x86_64'
LDFLAGS=''
LIBM='-lm'
LIBOBJS=''
LIBS=''
LIBTOOL='$(SHELL) $(top_builddir)/libtool'
LIPO=''
LN_S='ln -s'
LTLIBOBJS=''
MAINT=''
MAINTAINER_MODE_FALSE='#'
MAINTAINER_MODE_TRUE=''
MAKEINFO='${SHELL} /home/mdeheij/projects/src/github.com/mdeheij/synapse/synapse-project/build-aux/missing makeinfo'
MANIFEST_TOOL=':'
MKDIR_P='/bin/mkdir -p'
MSGFMT='/usr/bin/msgfmt'
MSGMERGE='/usr/bin/msgmerge'
NM='/usr/bin/nm -B'
NMEDIT=''
OBJDUMP='objdump'
OBJEXT='o'
OTOOL64=''
OTOOL=''
PACKAGE='synapse'
PACKAGE_BUGREPORT=''
PACKAGE_NAME='synapse'
PACKAGE_STRING='synapse 0.2.99.1'
PACKAGE_TARNAME='synapse'
PACKAGE_URL=''
PACKAGE_VERSION='0.2.99.1'
PATH_SEPARATOR=':'
PKG_CONFIG='/usr/bin/pkg-config'
PKG_CONFIG_LIBDIR=''
PKG_CONFIG_PATH=''
RANLIB='ranlib'
REST_CFLAGS=''
REST_LIBS=''
REST_VALAFLAGS=''
SED='/bin/sed'
SET_MAKE=''
SHELL='/bin/bash'
STRIP='strip'
SYNAPSE_COMMON_VALAFLAGS=' --target-glib=2.40 --thread -g'
SYNAPSE_MODULES_CFLAGS='-pthread -I/usr/include/gtk-3.0 -I/usr/include/gee-0.8 -I/usr/include/json-glib-1.0 -I/usr/include/keybinder-3.0 -I/usr/include/gtk-3.0 -I/usr/include/at-spi2-atk/2.0 -I/usr/include/at-spi-2.0 -I/usr/include/dbus-1.0 -I/usr/lib/x86_64-linux-gnu/dbus-1.0/include -I/usr/include/gtk-3.0 -I/usr/include/gio-unix-2.0/ -I/usr/include/mirclient -I/usr/include/mircommon -I/usr/include/cairo -I/usr/include/pango-1.0 -I/usr/include/harfbuzz -I/usr/include/pango-1.0 -I/usr/include/atk-1.0 -I/usr/include/cairo -I/usr/include/pixman-1 -I/usr/include/freetype2 -I/usr/include/libpng12 -I/usr/include/gdk-pixbuf-2.0 -I/usr/include/libpng12 -I/usr/include/glib-2.0 -I/usr/lib/x86_64-linux-gnu/glib-2.0/include '
SYNAPSE_MODULES_LIBS='-lgdk-3 -lgio-2.0 -lgthread-2.0 -pthread -lgee-0.8 -ljson-glib-1.0 -lkeybinder-3.0 -lgtk-3 -lgdk-3 -lpangocairo-1.0 -lpango-1.0 -latk-1.0 -lcairo-gobject -lcairo -lnotify -lgdk_pixbuf-2.0 -lgio-2.0 -lgobject-2.0 -lglib-2.0 '
SYNAPSE_MODULES_VALAFLAGS=' --pkg gdk-x11-3.0   --pkg gtk+-3.0   --pkg gio-2.0   --pkg gio-unix-2.0   --pkg gee-0.8   --pkg json-glib-1.0   --pkg keybinder-3.0   --pkg libnotify'
USE_NLS='yes'
VALAC='/usr/bin/valac'
VERSION='0.2.99.1'
XGETTEXT='/usr/bin/xgettext'
ZEITGEIST_CFLAGS='-pthread -I/usr/include/zeitgeist-2.0 -I/usr/include/glib-2.0 -I/usr/lib/x86_64-linux-gnu/glib-2.0/include '
ZEITGEIST_LIBS='-lzeitgeist-2.0 -lgio-2.0 -lgobject-2.0 -lglib-2.0 '
ZEITGEIST_VALAFLAGS=' --pkg zeitgeist-2.0 -D HAVE_ZEITGEIST'
ac_ct_AR='ar'
ac_ct_CC='gcc'
ac_ct_DUMPBIN=''
am__EXEEXT_FALSE=''
am__EXEEXT_TRUE='#'
am__fastdepCC_FALSE='#'
am__fastdepCC_TRUE=''
am__include='include'
am__isrc=''
am__leading_dot='.'
am__nodep='_no'
am__quote=''
am__tar='tar --format=ustar -chf - "$$tardir"'
am__untar='tar -xf -'
bindir='${exec_prefix}/bin'
build='x86_64-unknown-linux-gnu'
build_alias=''
build_cpu='x86_64'
build_os='linux-gnu'
build_vendor='unknown'
datadir='${datarootdir}'
datarootdir='${prefix}/share'
docdir='${datarootdir}/doc/${PACKAGE_TARNAME}'
dvidir='${docdir}'
exec_prefix='${prefix}'
host='x86_64-unknown-linux-gnu'
host_alias=''
host_cpu='x86_64'
host_os='linux-gnu'
host_vendor='unknown'
htmldir='${docdir}'
includedir='${prefix}/include'
infodir='${datarootdir}/info'
install_sh='${SHELL} /home/mdeheij/projects/src/github.com/mdeheij/synapse/synapse-project/build-aux/install-sh'
intltool__v_merge_options_0='-q'
intltool__v_merge_options_='$(intltool__v_merge_options_$(AM_DEFAULT_VERBOSITY))'
libdir='${exec_prefix}/lib'
libexecdir='${exec_prefix}/libexec'
localedir='${datarootdir}/locale'
localstatedir='${prefix}/var'
mandir='${datarootdir}/man'
mkdir_p='$(MKDIR_P)'
oldincludedir='/usr/include'
pdfdir='${docdir}'
prefix='/home/mdeheij/projects/src/github.com/mdeheij/synapse/synapse-project/dumptest'
program_transform_name='s,x,x,'
psdir='${docdir}'
sbindir='${exec_prefix}/sbin'
sharedstatedir='${prefix}/com'
sysconfdir='${prefix}/etc'
target_alias=''

## ----------- ##
## confdefs.h. ##
## ----------- ##

/* confdefs.h */
#define PACKAGE_NAME "synapse"
#define PACKAGE_TARNAME "synapse"
#define PACKAGE_VERSION "0.2.99.1"
#define PACKAGE_STRING "synapse 0.2.99.1"
#define PACKAGE_BUGREPORT ""
#define PACKAGE_URL ""
#define RELEASE_NAME "Cholecystokinin"
#define PACKAGE "synapse"
#define VERSION "0.2.99.1"
#define GETTEXT_PACKAGE "synapse"
#define STDC_HEADERS 1
#define HAVE_SYS_TYPES_H 1
#define HAVE_SYS_STAT_H 1
#define HAVE_STDLIB_H 1
#define HAVE_STRING_H 1
#define HAVE_MEMORY_H 1
#define HAVE_STRINGS_H 1
#define HAVE_INTTYPES_H 1
#define HAVE_STDINT_H 1
#define HAVE_UNISTD_H 1
#define HAVE_DLFCN_H 1
#define LT_OBJDIR ".libs/"
#define HAVE_ZEITGEIST 1

configure: exit 0
